<?xml version="1.0" encoding="UTF-8"?>
<testng-results ignored="0" total="1" passed="1" failed="0" skipped="0">
  <reporter-output>
  </reporter-output>
  <suite started-at="2026-04-17T14:28:33 IST" name="Default suite" finished-at="2026-04-17T14:28:56 IST" duration-ms="22766">
    <groups>
    </groups>
    <test started-at="2026-04-17T14:28:33 IST" name="Default test" finished-at="2026-04-17T14:28:56 IST" duration-ms="22766">
      <class name="Tests.FirstTest">
        <test-method signature="test1()[pri:0, instance:Tests.FirstTest@77888435]" started-at="2026-04-17T14:28:33 IST" name="test1" finished-at="2026-04-17T14:28:56 IST" duration-ms="22715" status="PASS">
          <reporter-output>
          </reporter-output>
        </test-method> <!-- test1 -->
      </class> <!-- Tests.FirstTest -->
    </test> <!-- Default test -->
  </suite> <!-- Default suite -->
</testng-results>
